============================= test session starts ==============================
platform linux -- Python 3.11.14, pytest-8.4.2, pluggy-1.6.0 -- /home/runner/work/IdeaProjects/IdeaProjects/src/backend/api_venv/bin/python
cachedir: ../../.cache/pytest
hypothesis profile 'ci' -> database=None, deadline=None, print_blob=True, derandomize=True, suppress_health_check=(HealthCheck.too_slow,)
rootdir: /home/runner/work/IdeaProjects/IdeaProjects/src/backend
configfile: pytest.ini
plugins: anyio-4.11.0, respx-0.22.0, hypothesis-6.147.0, timeout-2.4.0, cov-7.0.0, env-1.2.0, xdist-3.8.0, asyncio-0.26.0
timeout: 30.0s
timeout method: thread
timeout func_only: False
asyncio: mode=Mode.AUTO, asyncio_default_fixture_loop_scope=None, asyncio_default_test_loop_scope=function
collecting ... collected 1136 items / 3 errors

==================================== ERRORS ====================================
_______ ERROR collecting tests/manual/performance/test_server_startup.py _______
api_venv/lib/python3.11/site-packages/pytest_asyncio/plugin.py:762: in _patched_collect
    return collector.__original_collect()
           ^^^^^^^^^^^^^^^^^^^^^^^^^^^^^^
api_venv/lib/python3.11/site-packages/_pytest/python.py:557: in collect
    return super().collect()
           ^^^^^^^^^^^^^^^^^
api_venv/lib/python3.11/site-packages/_pytest/python.py:423: in collect
    res = ihook.pytest_pycollect_makeitem(
api_venv/lib/python3.11/site-packages/pluggy/_hooks.py:512: in __call__
    return self._hookexec(self.name, self._hookimpls.copy(), kwargs, firstresult)
           ^^^^^^^^^^^^^^^^^^^^^^^^^^^^^^^^^^^^^^^^^^^^^^^^^^^^^^^^^^^^^^^^^^^^^^
api_venv/lib/python3.11/site-packages/pluggy/_manager.py:120: in _hookexec
    return self._inner_hookexec(hook_name, methods, kwargs, firstresult)
           ^^^^^^^^^^^^^^^^^^^^^^^^^^^^^^^^^^^^^^^^^^^^^^^^^^^^^^^^^^^^^
api_venv/lib/python3.11/site-packages/pluggy/_callers.py:53: in run_old_style_hookwrapper
    return result.get_result()
           ^^^^^^^^^^^^^^^^^^^
api_venv/lib/python3.11/site-packages/pytest_asyncio/plugin.py:647: in pytest_pycollect_makeitem_convert_async_functions_to_subclass
    ) = hook_result.get_result()
        ^^^^^^^^^^^^^^^^^^^^^^^^
api_venv/lib/python3.11/site-packages/pluggy/_callers.py:38: in run_old_style_hookwrapper
    res = yield
          ^^^^^
api_venv/lib/python3.11/site-packages/_pytest/python.py:240: in pytest_pycollect_makeitem
    return list(collector._genfunctions(name, obj))
           ^^^^^^^^^^^^^^^^^^^^^^^^^^^^^^^^^^^^^^^^
api_venv/lib/python3.11/site-packages/_pytest/python.py:466: in _genfunctions
    self.ihook.pytest_generate_tests.call_extra(methods, dict(metafunc=metafunc))
api_venv/lib/python3.11/site-packages/pluggy/_hooks.py:573: in call_extra
    return self._hookexec(self.name, hookimpls, kwargs, firstresult)
           ^^^^^^^^^^^^^^^^^^^^^^^^^^^^^^^^^^^^^^^^^^^^^^^^^^^^^^^^^
api_venv/lib/python3.11/site-packages/pluggy/_manager.py:120: in _hookexec
    return self._inner_hookexec(hook_name, methods, kwargs, firstresult)
           ^^^^^^^^^^^^^^^^^^^^^^^^^^^^^^^^^^^^^^^^^^^^^^^^^^^^^^^^^^^^^
api_venv/lib/python3.11/site-packages/pytest_asyncio/plugin.py:827: in pytest_generate_tests
    scope = _get_marked_loop_scope(marker, default_loop_scope)
            ^^^^^^^^^^^^^^^^^^^^^^^^^^^^^^^^^^^^^^^^^^^^^^^^^^
api_venv/lib/python3.11/site-packages/pytest_asyncio/plugin.py:1136: in _get_marked_loop_scope
    raise ValueError("mark.asyncio accepts only a keyword argument 'loop_scope'.")
E   ValueError: mark.asyncio accepts only a keyword argument 'loop_scope'.
____________ ERROR collecting tests/manual/smoke/test_e2e_simple.py ____________
ImportError while importing test module '/home/runner/work/IdeaProjects/IdeaProjects/src/backend/tests/manual/smoke/test_e2e_simple.py'.
Hint: make sure your test modules/packages have valid Python names.
Traceback:
tests/manual/smoke/test_e2e_simple.py:22: in <module>
    from playwright.async_api import TimeoutError as PlaywrightTimeout
E   ModuleNotFoundError: No module named 'playwright'

The above exception was the direct cause of the following exception:
api_venv/lib/python3.11/site-packages/_pytest/python.py:498: in importtestmodule
    mod = import_path(
api_venv/lib/python3.11/site-packages/_pytest/pathlib.py:587: in import_path
    importlib.import_module(module_name)
/opt/hostedtoolcache/Python/3.11.14/x64/lib/python3.11/importlib/__init__.py:126: in import_module
    return _bootstrap._gcd_import(name[level:], package, level)
           ^^^^^^^^^^^^^^^^^^^^^^^^^^^^^^^^^^^^^^^^^^^^^^^^^^^^
<frozen importlib._bootstrap>:1204: in _gcd_import
    ???
<frozen importlib._bootstrap>:1176: in _find_and_load
    ???
<frozen importlib._bootstrap>:1147: in _find_and_load_unlocked
    ???
<frozen importlib._bootstrap>:690: in _load_unlocked
    ???
api_venv/lib/python3.11/site-packages/_pytest/assertion/rewrite.py:186: in exec_module
    exec(co, module.__dict__)
tests/manual/smoke/test_e2e_simple.py:25: in <module>
    raise ImportError(
E   ImportError: Playwright not installed. Install with: pip install playwright && python -m playwright install chromium
____ ERROR collecting tests/manual/smoke/test_e2e_subtitle_verification.py _____
ImportError while importing test module '/home/runner/work/IdeaProjects/IdeaProjects/src/backend/tests/manual/smoke/test_e2e_subtitle_verification.py'.
Hint: make sure your test modules/packages have valid Python names.
Traceback:
tests/manual/smoke/test_e2e_subtitle_verification.py:23: in <module>
    from playwright.async_api import TimeoutError as PlaywrightTimeout
E   ModuleNotFoundError: No module named 'playwright'

The above exception was the direct cause of the following exception:
api_venv/lib/python3.11/site-packages/_pytest/python.py:498: in importtestmodule
    mod = import_path(
api_venv/lib/python3.11/site-packages/_pytest/pathlib.py:587: in import_path
    importlib.import_module(module_name)
/opt/hostedtoolcache/Python/3.11.14/x64/lib/python3.11/importlib/__init__.py:126: in import_module
    return _bootstrap._gcd_import(name[level:], package, level)
           ^^^^^^^^^^^^^^^^^^^^^^^^^^^^^^^^^^^^^^^^^^^^^^^^^^^^
<frozen importlib._bootstrap>:1204: in _gcd_import
    ???
<frozen importlib._bootstrap>:1176: in _find_and_load
    ???
<frozen importlib._bootstrap>:1147: in _find_and_load_unlocked
    ???
<frozen importlib._bootstrap>:690: in _load_unlocked
    ???
api_venv/lib/python3.11/site-packages/_pytest/assertion/rewrite.py:186: in exec_module
    exec(co, module.__dict__)
tests/manual/smoke/test_e2e_subtitle_verification.py:26: in <module>
    raise ImportError(
E   ImportError: Playwright not installed. Install with: pip install playwright && python -m playwright install chromium
=========================== short test summary info ============================
ERROR tests/manual/performance/test_server_startup.py - ValueError: mark.asyncio accepts only a keyword argument 'loop_scope'.
ERROR tests/manual/smoke/test_e2e_simple.py
ERROR tests/manual/smoke/test_e2e_subtitle_verification.py
!!!!!!!!!!!!!!!!!!! Interrupted: 3 errors during collection !!!!!!!!!!!!!!!!!!!!
============================== 3 errors in 9.75s ===============================
